2025-04-30 09:33:08.234 [main] INFO  c.n.f.i.r.s.i.EntryRealtimeServiceImplTest - Starting EntryRealtimeServiceImplTest using Java 21.0.7 with PID 6554 (started by nhnacademy in /home/nhnacademy/Desktop/bootcamp/final/front-service)
2025-04-30 09:33:08.235 [main] INFO  c.n.f.i.r.s.i.EntryRealtimeServiceImplTest - The following 1 profile is active: "oauth"
2025-04-30 09:33:10.353 [main] INFO  c.n.f.i.r.s.i.EntryRealtimeServiceImplTest - Started EntryRealtimeServiceImplTest in 2.459 seconds (process running for 3.559)
2025-04-30 09:33:11.199 [main] INFO  c.n.f.i.r.s.i.EntryRealtimeServiceImpl - [INFO] 실시간 출입 데이터 | 시간: 2025-04-29 14:00 | 출입자 수: 5 | 데이터: {"time":"2025-04-29 14:00","count":5}
2025-04-30 09:58:42.189 [main] INFO  c.n.f.i.r.s.i.EntryRealtimeServiceImplTest - Starting EntryRealtimeServiceImplTest using Java 21.0.7 with PID 7970 (started by nhnacademy in /home/nhnacademy/Desktop/bootcamp/final/front-service)
2025-04-30 09:58:42.190 [main] INFO  c.n.f.i.r.s.i.EntryRealtimeServiceImplTest - The following 1 profile is active: "oauth"
2025-04-30 09:58:44.140 [main] INFO  c.n.f.i.r.s.i.EntryRealtimeServiceImplTest - Started EntryRealtimeServiceImplTest in 2.288 seconds (process running for 3.124)
2025-04-30 09:58:44.805 [main] INFO  c.n.f.i.r.s.i.EntryRealtimeServiceImpl - [INFO] 실시간 출입 데이터 | 시간: 2025-04-29 14:00 | 출입자 수: 5 | 데이터: {"time":"2025-04-29 14:00","count":5}
2025-04-30 10:14:22.752 [main] INFO  c.n.f.i.r.s.i.EntryRealtimeServiceImplTest - Starting EntryRealtimeServiceImplTest using Java 21.0.7 with PID 8406 (started by nhnacademy in /home/nhnacademy/Desktop/bootcamp/final/front-service)
2025-04-30 10:14:22.753 [main] INFO  c.n.f.i.r.s.i.EntryRealtimeServiceImplTest - The following 1 profile is active: "oauth"
2025-04-30 10:14:24.561 [main] INFO  c.n.f.i.r.s.i.EntryRealtimeServiceImplTest - Started EntryRealtimeServiceImplTest in 2.101 seconds (process running for 2.855)
2025-04-30 10:38:42.995 [main] INFO  c.n.f.i.r.s.i.EntryRealtimeServiceImplTest - Starting EntryRealtimeServiceImplTest using Java 21.0.7 with PID 9237 (started by nhnacademy in /home/nhnacademy/Desktop/bootcamp/final/front-service)
2025-04-30 10:38:42.996 [main] INFO  c.n.f.i.r.s.i.EntryRealtimeServiceImplTest - The following 1 profile is active: "oauth"
2025-04-30 10:38:44.605 [main] INFO  c.n.f.i.r.s.i.EntryRealtimeServiceImplTest - Started EntryRealtimeServiceImplTest in 1.903 seconds (process running for 2.742)
2025-04-30 10:38:45.643 [main] INFO  c.n.f.i.r.s.i.EntryRealtimeServiceImpl - [INFO] 실시간 출입 데이터 | 시간: 2025-04-30 05:38 | 출입자 수: 3 | 데이터: null
2025-04-30 21:05:54.156 [scheduling-1] INFO  c.n.f.i.r.s.i.EntryRealtimeServiceImpl - [INFO] 실시간 출입 데이터 | 시간: 2025-04-30 12:05 | 출입자 수: 0 | 데이터: {"time":"2025-04-30 12:05","count":0}
2025-04-30 21:06:23.931 [scheduling-1] INFO  c.n.f.i.r.s.i.EntryRealtimeServiceImpl - [INFO] 실시간 출입 데이터 | 시간: 2025-04-30 12:06 | 출입자 수: 0 | 데이터: {"time":"2025-04-30 12:06","count":0}
2025-04-30 21:06:53.200 [scheduling-1] INFO  c.n.f.i.r.s.i.EntryRealtimeServiceImpl - [INFO] 실시간 출입 데이터 | 시간: 2025-04-30 12:06 | 출입자 수: 0 | 데이터: {"time":"2025-04-30 12:06","count":0}
2025-04-30 21:07:23.447 [scheduling-1] INFO  c.n.f.i.r.s.i.EntryRealtimeServiceImpl - [INFO] 실시간 출입 데이터 | 시간: 2025-04-30 12:07 | 출입자 수: 0 | 데이터: {"time":"2025-04-30 12:07","count":0}
2025-04-30 21:07:53.819 [scheduling-1] INFO  c.n.f.i.r.s.i.EntryRealtimeServiceImpl - [INFO] 실시간 출입 데이터 | 시간: 2025-04-30 12:07 | 출입자 수: 0 | 데이터: {"time":"2025-04-30 12:07","count":0}
2025-04-30 21:08:23.214 [scheduling-1] INFO  c.n.f.i.r.s.i.EntryRealtimeServiceImpl - [INFO] 실시간 출입 데이터 | 시간: 2025-04-30 12:08 | 출입자 수: 0 | 데이터: {"time":"2025-04-30 12:08","count":0}
2025-04-30 21:08:53.223 [scheduling-1] INFO  c.n.f.i.r.s.i.EntryRealtimeServiceImpl - [INFO] 실시간 출입 데이터 | 시간: 2025-04-30 12:08 | 출입자 수: 0 | 데이터: {"time":"2025-04-30 12:08","count":0}
2025-04-30 21:09:23.220 [scheduling-1] INFO  c.n.f.i.r.s.i.EntryRealtimeServiceImpl - [INFO] 실시간 출입 데이터 | 시간: 2025-04-30 12:09 | 출입자 수: 0 | 데이터: {"time":"2025-04-30 12:09","count":0}
2025-04-30 21:09:53.225 [scheduling-1] INFO  c.n.f.i.r.s.i.EntryRealtimeServiceImpl - [INFO] 실시간 출입 데이터 | 시간: 2025-04-30 12:09 | 출입자 수: 0 | 데이터: {"time":"2025-04-30 12:09","count":0}
2025-04-30 21:10:23.623 [scheduling-1] INFO  c.n.f.i.r.s.i.EntryRealtimeServiceImpl - [INFO] 실시간 출입 데이터 | 시간: 2025-04-30 12:10 | 출입자 수: 0 | 데이터: {"time":"2025-04-30 12:10","count":0}
2025-04-30 21:10:53.212 [scheduling-1] INFO  c.n.f.i.r.s.i.EntryRealtimeServiceImpl - [INFO] 실시간 출입 데이터 | 시간: 2025-04-30 12:10 | 출입자 수: 0 | 데이터: {"time":"2025-04-30 12:10","count":0}
2025-04-30 21:11:23.214 [scheduling-1] INFO  c.n.f.i.r.s.i.EntryRealtimeServiceImpl - [INFO] 실시간 출입 데이터 | 시간: 2025-04-30 12:11 | 출입자 수: 0 | 데이터: {"time":"2025-04-30 12:11","count":0}
2025-04-30 21:11:53.218 [scheduling-1] INFO  c.n.f.i.r.s.i.EntryRealtimeServiceImpl - [INFO] 실시간 출입 데이터 | 시간: 2025-04-30 12:11 | 출입자 수: 0 | 데이터: {"time":"2025-04-30 12:11","count":0}
2025-04-30 21:12:23.306 [scheduling-1] INFO  c.n.f.i.r.s.i.EntryRealtimeServiceImpl - [INFO] 실시간 출입 데이터 | 시간: 2025-04-30 12:12 | 출입자 수: 0 | 데이터: {"time":"2025-04-30 12:12","count":0}
2025-04-30 21:12:53.207 [scheduling-1] INFO  c.n.f.i.r.s.i.EntryRealtimeServiceImpl - [INFO] 실시간 출입 데이터 | 시간: 2025-04-30 12:12 | 출입자 수: 0 | 데이터: {"time":"2025-04-30 12:12","count":0}
2025-04-30 21:13:23.482 [scheduling-1] INFO  c.n.f.i.r.s.i.EntryRealtimeServiceImpl - [INFO] 실시간 출입 데이터 | 시간: 2025-04-30 12:13 | 출입자 수: 0 | 데이터: {"time":"2025-04-30 12:13","count":0}
2025-04-30 21:13:53.313 [scheduling-1] INFO  c.n.f.i.r.s.i.EntryRealtimeServiceImpl - [INFO] 실시간 출입 데이터 | 시간: 2025-04-30 12:13 | 출입자 수: 0 | 데이터: {"time":"2025-04-30 12:13","count":0}
2025-04-30 21:14:01.543 [scheduling-1] INFO  c.n.f.i.r.s.i.EntryRealtimeServiceImpl - [INFO] 실시간 출입 데이터 | 시간: 2025-04-30 12:14 | 출입자 수: 0 | 데이터: {"time":"2025-04-30 12:14","count":0}
2025-04-30 21:14:28.502 [scheduling-1] INFO  c.n.f.i.r.s.i.EntryRealtimeServiceImpl - [INFO] 실시간 출입 데이터 | 시간: 2025-04-30 12:14 | 출입자 수: 0 | 데이터: {"time":"2025-04-30 12:14","count":0}
2025-04-30 21:15:02.785 [scheduling-1] INFO  c.n.f.i.r.s.i.EntryRealtimeServiceImpl - [INFO] 실시간 출입 데이터 | 시간: 2025-04-30 12:15 | 출입자 수: 0 | 데이터: {"time":"2025-04-30 12:15","count":0}
2025-04-30 21:15:32.018 [scheduling-1] INFO  c.n.f.i.r.s.i.EntryRealtimeServiceImpl - [INFO] 실시간 출입 데이터 | 시간: 2025-04-30 12:15 | 출입자 수: 0 | 데이터: {"time":"2025-04-30 12:15","count":0}
2025-04-30 21:15:53.114 [scheduling-1] INFO  c.n.f.i.r.s.i.EntryRealtimeServiceImpl - [INFO] 실시간 출입 데이터 | 시간: 2025-04-30 12:15 | 출입자 수: 0 | 데이터: {"time":"2025-04-30 12:15","count":0}
2025-04-30 21:16:15.064 [http-nio-10253-exec-3] INFO  c.n.f.i.r.s.i.EntryRealtimeServiceImpl - [INFO] 실시간 출입 데이터 | 시간: 2025-04-30 12:16 | 출입자 수: 0 | 데이터: {"time":"2025-04-30 12:16","count":0}
2025-04-30 21:16:22.381 [scheduling-1] INFO  c.n.f.i.r.s.i.EntryRealtimeServiceImpl - [INFO] 실시간 출입 데이터 | 시간: 2025-04-30 12:16 | 출입자 수: 0 | 데이터: {"time":"2025-04-30 12:16","count":0}
2025-04-30 21:16:57.705 [scheduling-1] INFO  c.n.f.i.r.s.i.EntryRealtimeServiceImpl - [INFO] 실시간 출입 데이터 | 시간: 2025-04-30 12:16 | 출입자 수: 0 | 데이터: {"time":"2025-04-30 12:16","count":0}
2025-04-30 21:17:27.021 [scheduling-1] INFO  c.n.f.i.r.s.i.EntryRealtimeServiceImpl - [INFO] 실시간 출입 데이터 | 시간: 2025-04-30 12:17 | 출입자 수: 0 | 데이터: {"time":"2025-04-30 12:17","count":0}
2025-04-30 21:17:56.973 [scheduling-1] INFO  c.n.f.i.r.s.i.EntryRealtimeServiceImpl - [INFO] 실시간 출입 데이터 | 시간: 2025-04-30 12:17 | 출입자 수: 0 | 데이터: {"time":"2025-04-30 12:17","count":0}
2025-04-30 21:18:26.971 [scheduling-1] INFO  c.n.f.i.r.s.i.EntryRealtimeServiceImpl - [INFO] 실시간 출입 데이터 | 시간: 2025-04-30 12:18 | 출입자 수: 0 | 데이터: {"time":"2025-04-30 12:18","count":0}
2025-04-30 21:18:56.993 [scheduling-1] INFO  c.n.f.i.r.s.i.EntryRealtimeServiceImpl - [INFO] 실시간 출입 데이터 | 시간: 2025-04-30 12:18 | 출입자 수: 0 | 데이터: {"time":"2025-04-30 12:18","count":0}
2025-04-30 21:19:26.968 [scheduling-1] INFO  c.n.f.i.r.s.i.EntryRealtimeServiceImpl - [INFO] 실시간 출입 데이터 | 시간: 2025-04-30 12:19 | 출입자 수: 0 | 데이터: {"time":"2025-04-30 12:19","count":0}
2025-04-30 21:19:56.959 [scheduling-1] INFO  c.n.f.i.r.s.i.EntryRealtimeServiceImpl - [INFO] 실시간 출입 데이터 | 시간: 2025-04-30 12:19 | 출입자 수: 0 | 데이터: {"time":"2025-04-30 12:19","count":0}
2025-04-30 21:20:27.574 [scheduling-1] INFO  c.n.f.i.r.s.i.EntryRealtimeServiceImpl - [INFO] 실시간 출입 데이터 | 시간: 2025-04-30 12:20 | 출입자 수: 0 | 데이터: {"time":"2025-04-30 12:20","count":0}
2025-04-30 21:20:57.001 [scheduling-1] INFO  c.n.f.i.r.s.i.EntryRealtimeServiceImpl - [INFO] 실시간 출입 데이터 | 시간: 2025-04-30 12:20 | 출입자 수: 0 | 데이터: {"time":"2025-04-30 12:20","count":0}
2025-04-30 21:21:26.947 [scheduling-1] INFO  c.n.f.i.r.s.i.EntryRealtimeServiceImpl - [INFO] 실시간 출입 데이터 | 시간: 2025-04-30 12:21 | 출입자 수: 0 | 데이터: {"time":"2025-04-30 12:21","count":0}
2025-04-30 21:21:56.950 [scheduling-1] INFO  c.n.f.i.r.s.i.EntryRealtimeServiceImpl - [INFO] 실시간 출입 데이터 | 시간: 2025-04-30 12:21 | 출입자 수: 0 | 데이터: {"time":"2025-04-30 12:21","count":0}
2025-04-30 21:22:26.952 [scheduling-1] INFO  c.n.f.i.r.s.i.EntryRealtimeServiceImpl - [INFO] 실시간 출입 데이터 | 시간: 2025-04-30 12:22 | 출입자 수: 0 | 데이터: {"time":"2025-04-30 12:22","count":0}
2025-04-30 21:22:56.955 [scheduling-1] INFO  c.n.f.i.r.s.i.EntryRealtimeServiceImpl - [INFO] 실시간 출입 데이터 | 시간: 2025-04-30 12:22 | 출입자 수: 0 | 데이터: {"time":"2025-04-30 12:22","count":0}
2025-04-30 21:23:27.623 [scheduling-1] INFO  c.n.f.i.r.s.i.EntryRealtimeServiceImpl - [INFO] 실시간 출입 데이터 | 시간: 2025-04-30 12:23 | 출입자 수: 0 | 데이터: {"time":"2025-04-30 12:23","count":0}
2025-04-30 21:23:56.951 [scheduling-1] INFO  c.n.f.i.r.s.i.EntryRealtimeServiceImpl - [INFO] 실시간 출입 데이터 | 시간: 2025-04-30 12:23 | 출입자 수: 0 | 데이터: {"time":"2025-04-30 12:23","count":0}
2025-04-30 21:24:26.945 [scheduling-1] INFO  c.n.f.i.r.s.i.EntryRealtimeServiceImpl - [INFO] 실시간 출입 데이터 | 시간: 2025-04-30 12:24 | 출입자 수: 0 | 데이터: {"time":"2025-04-30 12:24","count":0}
2025-04-30 21:24:52.110 [scheduling-1] INFO  c.n.f.i.r.s.i.EntryRealtimeServiceImpl - [INFO] 실시간 출입 데이터 | 시간: 2025-04-30 12:24 | 출입자 수: 0 | 데이터: {"time":"2025-04-30 12:24","count":0}
2025-04-30 21:25:21.258 [scheduling-1] INFO  c.n.f.i.r.s.i.EntryRealtimeServiceImpl - [INFO] 실시간 출입 데이터 | 시간: 2025-04-30 12:25 | 출입자 수: 0 | 데이터: {"time":"2025-04-30 12:25","count":0}
2025-04-30 21:25:52.079 [scheduling-1] INFO  c.n.f.i.r.s.i.EntryRealtimeServiceImpl - [INFO] 실시간 출입 데이터 | 시간: 2025-04-30 12:25 | 출입자 수: 0 | 데이터: {"time":"2025-04-30 12:25","count":0}
2025-04-30 21:26:21.766 [scheduling-1] INFO  c.n.f.i.r.s.i.EntryRealtimeServiceImpl - [INFO] 실시간 출입 데이터 | 시간: 2025-04-30 12:26 | 출입자 수: 0 | 데이터: {"time":"2025-04-30 12:26","count":0}
2025-04-30 21:26:51.268 [scheduling-1] INFO  c.n.f.i.r.s.i.EntryRealtimeServiceImpl - [INFO] 실시간 출입 데이터 | 시간: 2025-04-30 12:26 | 출입자 수: 0 | 데이터: {"time":"2025-04-30 12:26","count":0}
2025-04-30 21:27:04.262 [scheduling-1] INFO  c.n.f.i.r.s.i.EntryRealtimeServiceImpl - [INFO] 실시간 출입 데이터 | 시간: 2025-04-30 12:27 | 출입자 수: 0 | 데이터: {"time":"2025-04-30 12:27","count":0}
2025-04-30 21:27:32.820 [scheduling-1] INFO  c.n.f.i.r.s.i.EntryRealtimeServiceImpl - [INFO] 실시간 출입 데이터 | 시간: 2025-04-30 12:27 | 출입자 수: 0 | 데이터: {"time":"2025-04-30 12:27","count":0}
2025-04-30 21:28:02.833 [scheduling-1] INFO  c.n.f.i.r.s.i.EntryRealtimeServiceImpl - [INFO] 실시간 출입 데이터 | 시간: 2025-04-30 12:28 | 출입자 수: 0 | 데이터: {"time":"2025-04-30 12:28","count":0}
2025-04-30 21:28:32.854 [scheduling-1] INFO  c.n.f.i.r.s.i.EntryRealtimeServiceImpl - [INFO] 실시간 출입 데이터 | 시간: 2025-04-30 12:28 | 출입자 수: 0 | 데이터: {"time":"2025-04-30 12:28","count":0}
2025-04-30 21:29:02.781 [scheduling-1] INFO  c.n.f.i.r.s.i.EntryRealtimeServiceImpl - [INFO] 실시간 출입 데이터 | 시간: 2025-04-30 12:29 | 출입자 수: 0 | 데이터: {"time":"2025-04-30 12:29","count":0}
2025-04-30 21:29:32.826 [scheduling-1] INFO  c.n.f.i.r.s.i.EntryRealtimeServiceImpl - [INFO] 실시간 출입 데이터 | 시간: 2025-04-30 12:29 | 출입자 수: 0 | 데이터: {"time":"2025-04-30 12:29","count":0}
2025-04-30 21:30:03.280 [scheduling-1] INFO  c.n.f.i.r.s.i.EntryRealtimeServiceImpl - [INFO] 실시간 출입 데이터 | 시간: 2025-04-30 12:30 | 출입자 수: 0 | 데이터: {"time":"2025-04-30 12:30","count":0}
2025-04-30 21:30:33.704 [scheduling-1] INFO  c.n.f.i.r.s.i.EntryRealtimeServiceImpl - [INFO] 실시간 출입 데이터 | 시간: 2025-04-30 12:30 | 출입자 수: 0 | 데이터: {"time":"2025-04-30 12:30","count":0}
2025-04-30 21:31:02.852 [scheduling-1] INFO  c.n.f.i.r.s.i.EntryRealtimeServiceImpl - [INFO] 실시간 출입 데이터 | 시간: 2025-04-30 12:31 | 출입자 수: 0 | 데이터: {"time":"2025-04-30 12:31","count":0}
2025-04-30 21:31:32.846 [scheduling-1] INFO  c.n.f.i.r.s.i.EntryRealtimeServiceImpl - [INFO] 실시간 출입 데이터 | 시간: 2025-04-30 12:31 | 출입자 수: 0 | 데이터: {"time":"2025-04-30 12:31","count":0}
2025-04-30 21:32:02.840 [scheduling-1] INFO  c.n.f.i.r.s.i.EntryRealtimeServiceImpl - [INFO] 실시간 출입 데이터 | 시간: 2025-04-30 12:32 | 출입자 수: 0 | 데이터: {"time":"2025-04-30 12:32","count":0}
2025-04-30 21:32:32.901 [scheduling-1] INFO  c.n.f.i.r.s.i.EntryRealtimeServiceImpl - [INFO] 실시간 출입 데이터 | 시간: 2025-04-30 12:32 | 출입자 수: 0 | 데이터: {"time":"2025-04-30 12:32","count":0}
2025-04-30 21:33:02.828 [scheduling-1] INFO  c.n.f.i.r.s.i.EntryRealtimeServiceImpl - [INFO] 실시간 출입 데이터 | 시간: 2025-04-30 12:33 | 출입자 수: 0 | 데이터: {"time":"2025-04-30 12:33","count":0}
2025-04-30 21:33:32.842 [scheduling-1] INFO  c.n.f.i.r.s.i.EntryRealtimeServiceImpl - [INFO] 실시간 출입 데이터 | 시간: 2025-04-30 12:33 | 출입자 수: 0 | 데이터: {"time":"2025-04-30 12:33","count":0}
2025-04-30 21:34:02.849 [scheduling-1] INFO  c.n.f.i.r.s.i.EntryRealtimeServiceImpl - [INFO] 실시간 출입 데이터 | 시간: 2025-04-30 12:34 | 출입자 수: 0 | 데이터: {"time":"2025-04-30 12:34","count":0}
2025-04-30 21:34:32.821 [scheduling-1] INFO  c.n.f.i.r.s.i.EntryRealtimeServiceImpl - [INFO] 실시간 출입 데이터 | 시간: 2025-04-30 12:34 | 출입자 수: 0 | 데이터: {"time":"2025-04-30 12:34","count":0}
2025-04-30 21:35:02.845 [scheduling-1] INFO  c.n.f.i.r.s.i.EntryRealtimeServiceImpl - [INFO] 실시간 출입 데이터 | 시간: 2025-04-30 12:35 | 출입자 수: 0 | 데이터: {"time":"2025-04-30 12:35","count":0}
2025-04-30 21:35:32.842 [scheduling-1] INFO  c.n.f.i.r.s.i.EntryRealtimeServiceImpl - [INFO] 실시간 출입 데이터 | 시간: 2025-04-30 12:35 | 출입자 수: 0 | 데이터: {"time":"2025-04-30 12:35","count":0}
2025-04-30 21:36:02.847 [scheduling-1] INFO  c.n.f.i.r.s.i.EntryRealtimeServiceImpl - [INFO] 실시간 출입 데이터 | 시간: 2025-04-30 12:36 | 출입자 수: 0 | 데이터: {"time":"2025-04-30 12:36","count":0}
2025-04-30 21:36:32.862 [scheduling-1] INFO  c.n.f.i.r.s.i.EntryRealtimeServiceImpl - [INFO] 실시간 출입 데이터 | 시간: 2025-04-30 12:36 | 출입자 수: 0 | 데이터: {"time":"2025-04-30 12:36","count":0}
2025-04-30 21:37:02.849 [scheduling-1] INFO  c.n.f.i.r.s.i.EntryRealtimeServiceImpl - [INFO] 실시간 출입 데이터 | 시간: 2025-04-30 12:37 | 출입자 수: 0 | 데이터: {"time":"2025-04-30 12:37","count":0}
2025-04-30 21:37:32.829 [scheduling-1] INFO  c.n.f.i.r.s.i.EntryRealtimeServiceImpl - [INFO] 실시간 출입 데이터 | 시간: 2025-04-30 12:37 | 출입자 수: 0 | 데이터: {"time":"2025-04-30 12:37","count":0}
2025-04-30 21:38:02.859 [scheduling-1] INFO  c.n.f.i.r.s.i.EntryRealtimeServiceImpl - [INFO] 실시간 출입 데이터 | 시간: 2025-04-30 12:38 | 출입자 수: 0 | 데이터: {"time":"2025-04-30 12:38","count":0}
2025-04-30 21:38:32.830 [scheduling-1] INFO  c.n.f.i.r.s.i.EntryRealtimeServiceImpl - [INFO] 실시간 출입 데이터 | 시간: 2025-04-30 12:38 | 출입자 수: 0 | 데이터: {"time":"2025-04-30 12:38","count":0}
2025-04-30 21:39:02.822 [scheduling-1] INFO  c.n.f.i.r.s.i.EntryRealtimeServiceImpl - [INFO] 실시간 출입 데이터 | 시간: 2025-04-30 12:39 | 출입자 수: 0 | 데이터: {"time":"2025-04-30 12:39","count":0}
2025-04-30 21:39:32.839 [scheduling-1] INFO  c.n.f.i.r.s.i.EntryRealtimeServiceImpl - [INFO] 실시간 출입 데이터 | 시간: 2025-04-30 12:39 | 출입자 수: 0 | 데이터: {"time":"2025-04-30 12:39","count":0}
2025-04-30 21:40:03.199 [scheduling-1] INFO  c.n.f.i.r.s.i.EntryRealtimeServiceImpl - [INFO] 실시간 출입 데이터 | 시간: 2025-04-30 12:40 | 출입자 수: 0 | 데이터: {"time":"2025-04-30 12:40","count":0}
2025-04-30 21:40:32.800 [scheduling-1] INFO  c.n.f.i.r.s.i.EntryRealtimeServiceImpl - [INFO] 실시간 출입 데이터 | 시간: 2025-04-30 12:40 | 출입자 수: 0 | 데이터: {"time":"2025-04-30 12:40","count":0}
2025-04-30 21:41:02.813 [scheduling-1] INFO  c.n.f.i.r.s.i.EntryRealtimeServiceImpl - [INFO] 실시간 출입 데이터 | 시간: 2025-04-30 12:41 | 출입자 수: 0 | 데이터: {"time":"2025-04-30 12:41","count":0}
2025-04-30 21:41:32.809 [scheduling-1] INFO  c.n.f.i.r.s.i.EntryRealtimeServiceImpl - [INFO] 실시간 출입 데이터 | 시간: 2025-04-30 12:41 | 출입자 수: 0 | 데이터: {"time":"2025-04-30 12:41","count":0}
2025-04-30 21:42:02.808 [scheduling-1] INFO  c.n.f.i.r.s.i.EntryRealtimeServiceImpl - [INFO] 실시간 출입 데이터 | 시간: 2025-04-30 12:42 | 출입자 수: 0 | 데이터: {"time":"2025-04-30 12:42","count":0}
2025-04-30 21:42:32.797 [scheduling-1] INFO  c.n.f.i.r.s.i.EntryRealtimeServiceImpl - [INFO] 실시간 출입 데이터 | 시간: 2025-04-30 12:42 | 출입자 수: 0 | 데이터: {"time":"2025-04-30 12:42","count":0}
2025-04-30 21:43:02.821 [scheduling-1] INFO  c.n.f.i.r.s.i.EntryRealtimeServiceImpl - [INFO] 실시간 출입 데이터 | 시간: 2025-04-30 12:43 | 출입자 수: 0 | 데이터: {"time":"2025-04-30 12:43","count":0}
2025-04-30 21:43:33.598 [scheduling-1] INFO  c.n.f.i.r.s.i.EntryRealtimeServiceImpl - [INFO] 실시간 출입 데이터 | 시간: 2025-04-30 12:43 | 출입자 수: 0 | 데이터: {"time":"2025-04-30 12:43","count":0}
2025-04-30 21:44:02.817 [scheduling-1] INFO  c.n.f.i.r.s.i.EntryRealtimeServiceImpl - [INFO] 실시간 출입 데이터 | 시간: 2025-04-30 12:44 | 출입자 수: 0 | 데이터: {"time":"2025-04-30 12:44","count":0}
2025-04-30 21:44:32.817 [scheduling-1] INFO  c.n.f.i.r.s.i.EntryRealtimeServiceImpl - [INFO] 실시간 출입 데이터 | 시간: 2025-04-30 12:44 | 출입자 수: 0 | 데이터: {"time":"2025-04-30 12:44","count":0}
2025-04-30 21:45:02.838 [scheduling-1] INFO  c.n.f.i.r.s.i.EntryRealtimeServiceImpl - [INFO] 실시간 출입 데이터 | 시간: 2025-04-30 12:45 | 출입자 수: 0 | 데이터: {"time":"2025-04-30 12:45","count":0}
2025-04-30 21:45:32.832 [scheduling-1] INFO  c.n.f.i.r.s.i.EntryRealtimeServiceImpl - [INFO] 실시간 출입 데이터 | 시간: 2025-04-30 12:45 | 출입자 수: 0 | 데이터: {"time":"2025-04-30 12:45","count":0}
2025-04-30 21:46:02.804 [scheduling-1] INFO  c.n.f.i.r.s.i.EntryRealtimeServiceImpl - [INFO] 실시간 출입 데이터 | 시간: 2025-04-30 12:46 | 출입자 수: 0 | 데이터: {"time":"2025-04-30 12:46","count":0}
2025-04-30 21:46:32.815 [scheduling-1] INFO  c.n.f.i.r.s.i.EntryRealtimeServiceImpl - [INFO] 실시간 출입 데이터 | 시간: 2025-04-30 12:46 | 출입자 수: 0 | 데이터: {"time":"2025-04-30 12:46","count":0}
2025-04-30 21:47:02.840 [scheduling-1] INFO  c.n.f.i.r.s.i.EntryRealtimeServiceImpl - [INFO] 실시간 출입 데이터 | 시간: 2025-04-30 12:47 | 출입자 수: 0 | 데이터: {"time":"2025-04-30 12:47","count":0}
2025-04-30 21:47:32.808 [scheduling-1] INFO  c.n.f.i.r.s.i.EntryRealtimeServiceImpl - [INFO] 실시간 출입 데이터 | 시간: 2025-04-30 12:47 | 출입자 수: 0 | 데이터: {"time":"2025-04-30 12:47","count":0}
2025-04-30 21:48:02.866 [scheduling-1] INFO  c.n.f.i.r.s.i.EntryRealtimeServiceImpl - [INFO] 실시간 출입 데이터 | 시간: 2025-04-30 12:48 | 출입자 수: 0 | 데이터: {"time":"2025-04-30 12:48","count":0}
2025-04-30 21:48:32.803 [scheduling-1] INFO  c.n.f.i.r.s.i.EntryRealtimeServiceImpl - [INFO] 실시간 출입 데이터 | 시간: 2025-04-30 12:48 | 출입자 수: 0 | 데이터: {"time":"2025-04-30 12:48","count":0}
2025-04-30 21:49:02.815 [scheduling-1] INFO  c.n.f.i.r.s.i.EntryRealtimeServiceImpl - [INFO] 실시간 출입 데이터 | 시간: 2025-04-30 12:49 | 출입자 수: 0 | 데이터: {"time":"2025-04-30 12:49","count":0}
2025-04-30 21:49:32.840 [scheduling-1] INFO  c.n.f.i.r.s.i.EntryRealtimeServiceImpl - [INFO] 실시간 출입 데이터 | 시간: 2025-04-30 12:49 | 출입자 수: 0 | 데이터: {"time":"2025-04-30 12:49","count":0}
2025-04-30 21:50:03.196 [scheduling-1] INFO  c.n.f.i.r.s.i.EntryRealtimeServiceImpl - [INFO] 실시간 출입 데이터 | 시간: 2025-04-30 12:50 | 출입자 수: 0 | 데이터: {"time":"2025-04-30 12:50","count":0}
2025-04-30 21:50:32.899 [scheduling-1] INFO  c.n.f.i.r.s.i.EntryRealtimeServiceImpl - [INFO] 실시간 출입 데이터 | 시간: 2025-04-30 12:50 | 출입자 수: 0 | 데이터: {"time":"2025-04-30 12:50","count":0}
2025-04-30 21:51:02.815 [scheduling-1] INFO  c.n.f.i.r.s.i.EntryRealtimeServiceImpl - [INFO] 실시간 출입 데이터 | 시간: 2025-04-30 12:51 | 출입자 수: 0 | 데이터: {"time":"2025-04-30 12:51","count":0}
2025-04-30 21:51:32.794 [scheduling-1] INFO  c.n.f.i.r.s.i.EntryRealtimeServiceImpl - [INFO] 실시간 출입 데이터 | 시간: 2025-04-30 12:51 | 출입자 수: 0 | 데이터: {"time":"2025-04-30 12:51","count":0}
2025-04-30 21:52:02.817 [scheduling-1] INFO  c.n.f.i.r.s.i.EntryRealtimeServiceImpl - [INFO] 실시간 출입 데이터 | 시간: 2025-04-30 12:52 | 출입자 수: 0 | 데이터: {"time":"2025-04-30 12:52","count":0}
2025-04-30 21:52:32.796 [scheduling-1] INFO  c.n.f.i.r.s.i.EntryRealtimeServiceImpl - [INFO] 실시간 출입 데이터 | 시간: 2025-04-30 12:52 | 출입자 수: 0 | 데이터: {"time":"2025-04-30 12:52","count":0}
2025-04-30 21:53:02.832 [scheduling-1] INFO  c.n.f.i.r.s.i.EntryRealtimeServiceImpl - [INFO] 실시간 출입 데이터 | 시간: 2025-04-30 12:53 | 출입자 수: 0 | 데이터: {"time":"2025-04-30 12:53","count":0}
2025-04-30 21:53:32.907 [scheduling-1] INFO  c.n.f.i.r.s.i.EntryRealtimeServiceImpl - [INFO] 실시간 출입 데이터 | 시간: 2025-04-30 12:53 | 출입자 수: 0 | 데이터: {"time":"2025-04-30 12:53","count":0}
2025-04-30 21:54:02.843 [scheduling-1] INFO  c.n.f.i.r.s.i.EntryRealtimeServiceImpl - [INFO] 실시간 출입 데이터 | 시간: 2025-04-30 12:54 | 출입자 수: 0 | 데이터: {"time":"2025-04-30 12:54","count":0}
2025-04-30 21:54:32.804 [scheduling-1] INFO  c.n.f.i.r.s.i.EntryRealtimeServiceImpl - [INFO] 실시간 출입 데이터 | 시간: 2025-04-30 12:54 | 출입자 수: 0 | 데이터: {"time":"2025-04-30 12:54","count":0}
2025-04-30 21:55:02.796 [scheduling-1] INFO  c.n.f.i.r.s.i.EntryRealtimeServiceImpl - [INFO] 실시간 출입 데이터 | 시간: 2025-04-30 12:55 | 출입자 수: 0 | 데이터: {"time":"2025-04-30 12:55","count":0}
2025-04-30 21:55:32.799 [scheduling-1] INFO  c.n.f.i.r.s.i.EntryRealtimeServiceImpl - [INFO] 실시간 출입 데이터 | 시간: 2025-04-30 12:55 | 출입자 수: 0 | 데이터: {"time":"2025-04-30 12:55","count":0}
2025-04-30 21:56:02.799 [scheduling-1] INFO  c.n.f.i.r.s.i.EntryRealtimeServiceImpl - [INFO] 실시간 출입 데이터 | 시간: 2025-04-30 12:56 | 출입자 수: 0 | 데이터: {"time":"2025-04-30 12:56","count":0}
2025-04-30 21:56:32.791 [scheduling-1] INFO  c.n.f.i.r.s.i.EntryRealtimeServiceImpl - [INFO] 실시간 출입 데이터 | 시간: 2025-04-30 12:56 | 출입자 수: 0 | 데이터: {"time":"2025-04-30 12:56","count":0}
2025-04-30 21:57:02.795 [scheduling-1] INFO  c.n.f.i.r.s.i.EntryRealtimeServiceImpl - [INFO] 실시간 출입 데이터 | 시간: 2025-04-30 12:57 | 출입자 수: 0 | 데이터: {"time":"2025-04-30 12:57","count":0}
2025-04-30 21:57:32.789 [scheduling-1] INFO  c.n.f.i.r.s.i.EntryRealtimeServiceImpl - [INFO] 실시간 출입 데이터 | 시간: 2025-04-30 12:57 | 출입자 수: 0 | 데이터: {"time":"2025-04-30 12:57","count":0}
2025-04-30 21:58:02.806 [scheduling-1] INFO  c.n.f.i.r.s.i.EntryRealtimeServiceImpl - [INFO] 실시간 출입 데이터 | 시간: 2025-04-30 12:58 | 출입자 수: 0 | 데이터: {"time":"2025-04-30 12:58","count":0}
2025-04-30 21:58:32.805 [scheduling-1] INFO  c.n.f.i.r.s.i.EntryRealtimeServiceImpl - [INFO] 실시간 출입 데이터 | 시간: 2025-04-30 12:58 | 출입자 수: 0 | 데이터: {"time":"2025-04-30 12:58","count":0}
2025-04-30 21:59:02.820 [scheduling-1] INFO  c.n.f.i.r.s.i.EntryRealtimeServiceImpl - [INFO] 실시간 출입 데이터 | 시간: 2025-04-30 12:59 | 출입자 수: 0 | 데이터: {"time":"2025-04-30 12:59","count":0}
2025-04-30 21:59:32.788 [scheduling-1] INFO  c.n.f.i.r.s.i.EntryRealtimeServiceImpl - [INFO] 실시간 출입 데이터 | 시간: 2025-04-30 12:59 | 출입자 수: 0 | 데이터: {"time":"2025-04-30 12:59","count":0}
2025-04-30 22:00:03.214 [scheduling-1] INFO  c.n.f.i.r.s.i.EntryRealtimeServiceImpl - [INFO] 실시간 출입 데이터 | 시간: 2025-04-30 13:00 | 출입자 수: 0 | 데이터: {"time":"2025-04-30 13:00","count":0}
2025-04-30 22:00:32.833 [scheduling-1] INFO  c.n.f.i.r.s.i.EntryRealtimeServiceImpl - [INFO] 실시간 출입 데이터 | 시간: 2025-04-30 13:00 | 출입자 수: 0 | 데이터: {"time":"2025-04-30 13:00","count":0}
2025-04-30 22:01:02.826 [scheduling-1] INFO  c.n.f.i.r.s.i.EntryRealtimeServiceImpl - [INFO] 실시간 출입 데이터 | 시간: 2025-04-30 13:01 | 출입자 수: 0 | 데이터: {"time":"2025-04-30 13:01","count":0}
2025-04-30 22:01:32.829 [scheduling-1] INFO  c.n.f.i.r.s.i.EntryRealtimeServiceImpl - [INFO] 실시간 출입 데이터 | 시간: 2025-04-30 13:01 | 출입자 수: 0 | 데이터: {"time":"2025-04-30 13:01","count":0}
2025-04-30 22:02:02.837 [scheduling-1] INFO  c.n.f.i.r.s.i.EntryRealtimeServiceImpl - [INFO] 실시간 출입 데이터 | 시간: 2025-04-30 13:02 | 출입자 수: 0 | 데이터: {"time":"2025-04-30 13:02","count":0}
2025-04-30 22:02:33.513 [scheduling-1] INFO  c.n.f.i.r.s.i.EntryRealtimeServiceImpl - [INFO] 실시간 출입 데이터 | 시간: 2025-04-30 13:02 | 출입자 수: 0 | 데이터: {"time":"2025-04-30 13:02","count":0}
2025-04-30 22:03:03.516 [scheduling-1] INFO  c.n.f.i.r.s.i.EntryRealtimeServiceImpl - [INFO] 실시간 출입 데이터 | 시간: 2025-04-30 13:03 | 출입자 수: 0 | 데이터: {"time":"2025-04-30 13:03","count":0}
2025-04-30 22:03:33.085 [scheduling-1] INFO  c.n.f.i.r.s.i.EntryRealtimeServiceImpl - [INFO] 실시간 출입 데이터 | 시간: 2025-04-30 13:03 | 출입자 수: 0 | 데이터: {"time":"2025-04-30 13:03","count":0}
2025-04-30 22:04:03.115 [scheduling-1] INFO  c.n.f.i.r.s.i.EntryRealtimeServiceImpl - [INFO] 실시간 출입 데이터 | 시간: 2025-04-30 13:04 | 출입자 수: 0 | 데이터: {"time":"2025-04-30 13:04","count":0}
2025-04-30 22:04:32.825 [scheduling-1] INFO  c.n.f.i.r.s.i.EntryRealtimeServiceImpl - [INFO] 실시간 출입 데이터 | 시간: 2025-04-30 13:04 | 출입자 수: 0 | 데이터: {"time":"2025-04-30 13:04","count":0}
2025-04-30 22:05:03.103 [scheduling-1] INFO  c.n.f.i.r.s.i.EntryRealtimeServiceImpl - [INFO] 실시간 출입 데이터 | 시간: 2025-04-30 13:05 | 출입자 수: 0 | 데이터: {"time":"2025-04-30 13:05","count":0}
2025-04-30 22:05:32.821 [scheduling-1] INFO  c.n.f.i.r.s.i.EntryRealtimeServiceImpl - [INFO] 실시간 출입 데이터 | 시간: 2025-04-30 13:05 | 출입자 수: 0 | 데이터: {"time":"2025-04-30 13:05","count":0}
2025-04-30 22:06:02.831 [scheduling-1] INFO  c.n.f.i.r.s.i.EntryRealtimeServiceImpl - [INFO] 실시간 출입 데이터 | 시간: 2025-04-30 13:06 | 출입자 수: 0 | 데이터: {"time":"2025-04-30 13:06","count":0}
2025-04-30 22:06:32.850 [scheduling-1] INFO  c.n.f.i.r.s.i.EntryRealtimeServiceImpl - [INFO] 실시간 출입 데이터 | 시간: 2025-04-30 13:06 | 출입자 수: 0 | 데이터: {"time":"2025-04-30 13:06","count":0}
2025-04-30 22:07:02.872 [scheduling-1] INFO  c.n.f.i.r.s.i.EntryRealtimeServiceImpl - [INFO] 실시간 출입 데이터 | 시간: 2025-04-30 13:07 | 출입자 수: 0 | 데이터: {"time":"2025-04-30 13:07","count":0}
2025-04-30 22:19:06.265 [scheduling-1] INFO  c.n.f.i.r.s.i.EntryRealtimeServiceImpl - [INFO] 실시간 출입 데이터 | 시간: 2025-04-30 13:19 | 출입자 수: 0 | 데이터: {"time":"2025-04-30 13:19","count":0}
2025-04-30 22:19:35.521 [scheduling-1] INFO  c.n.f.i.r.s.i.EntryRealtimeServiceImpl - [INFO] 실시간 출입 데이터 | 시간: 2025-04-30 13:19 | 출입자 수: 0 | 데이터: {"time":"2025-04-30 13:19","count":0}
2025-04-30 22:20:05.952 [scheduling-1] INFO  c.n.f.i.r.s.i.EntryRealtimeServiceImpl - [INFO] 실시간 출입 데이터 | 시간: 2025-04-30 13:20 | 출입자 수: 0 | 데이터: {"time":"2025-04-30 13:20","count":0}
2025-04-30 22:20:35.505 [scheduling-1] INFO  c.n.f.i.r.s.i.EntryRealtimeServiceImpl - [INFO] 실시간 출입 데이터 | 시간: 2025-04-30 13:20 | 출입자 수: 0 | 데이터: {"time":"2025-04-30 13:20","count":0}
2025-04-30 22:21:05.525 [scheduling-1] INFO  c.n.f.i.r.s.i.EntryRealtimeServiceImpl - [INFO] 실시간 출입 데이터 | 시간: 2025-04-30 13:21 | 출입자 수: 0 | 데이터: {"time":"2025-04-30 13:21","count":0}
2025-04-30 22:21:35.506 [scheduling-1] INFO  c.n.f.i.r.s.i.EntryRealtimeServiceImpl - [INFO] 실시간 출입 데이터 | 시간: 2025-04-30 13:21 | 출입자 수: 0 | 데이터: {"time":"2025-04-30 13:21","count":0}
2025-04-30 22:22:05.526 [scheduling-1] INFO  c.n.f.i.r.s.i.EntryRealtimeServiceImpl - [INFO] 실시간 출입 데이터 | 시간: 2025-04-30 13:22 | 출입자 수: 0 | 데이터: {"time":"2025-04-30 13:22","count":0}
2025-04-30 22:22:35.513 [scheduling-1] INFO  c.n.f.i.r.s.i.EntryRealtimeServiceImpl - [INFO] 실시간 출입 데이터 | 시간: 2025-04-30 13:22 | 출입자 수: 0 | 데이터: {"time":"2025-04-30 13:22","count":0}
2025-04-30 22:22:49.329 [scheduling-1] INFO  c.n.f.i.r.s.i.EntryRealtimeServiceImpl - [INFO] 실시간 출입 데이터 | 시간: 2025-04-30 13:22 | 출입자 수: 0 | 데이터: {"time":"2025-04-30 13:22","count":0}
2025-04-30 22:23:18.640 [scheduling-1] INFO  c.n.f.i.r.s.i.EntryRealtimeServiceImpl - [INFO] 실시간 출입 데이터 | 시간: 2025-04-30 13:23 | 출입자 수: 0 | 데이터: {"time":"2025-04-30 13:23","count":0}
2025-04-30 22:23:48.701 [scheduling-1] INFO  c.n.f.i.r.s.i.EntryRealtimeServiceImpl - [INFO] 실시간 출입 데이터 | 시간: 2025-04-30 13:23 | 출입자 수: 0 | 데이터: {"time":"2025-04-30 13:23","count":0}
2025-04-30 22:24:18.647 [scheduling-1] INFO  c.n.f.i.r.s.i.EntryRealtimeServiceImpl - [INFO] 실시간 출입 데이터 | 시간: 2025-04-30 13:24 | 출입자 수: 0 | 데이터: {"time":"2025-04-30 13:24","count":0}
2025-04-30 22:24:48.645 [scheduling-1] INFO  c.n.f.i.r.s.i.EntryRealtimeServiceImpl - [INFO] 실시간 출입 데이터 | 시간: 2025-04-30 13:24 | 출입자 수: 0 | 데이터: {"time":"2025-04-30 13:24","count":0}
2025-04-30 22:25:18.669 [scheduling-1] INFO  c.n.f.i.r.s.i.EntryRealtimeServiceImpl - [INFO] 실시간 출입 데이터 | 시간: 2025-04-30 13:25 | 출입자 수: 0 | 데이터: {"time":"2025-04-30 13:25","count":0}
2025-04-30 22:25:48.668 [scheduling-1] INFO  c.n.f.i.r.s.i.EntryRealtimeServiceImpl - [INFO] 실시간 출입 데이터 | 시간: 2025-04-30 13:25 | 출입자 수: 0 | 데이터: {"time":"2025-04-30 13:25","count":0}
2025-04-30 22:26:18.660 [scheduling-1] INFO  c.n.f.i.r.s.i.EntryRealtimeServiceImpl - [INFO] 실시간 출입 데이터 | 시간: 2025-04-30 13:26 | 출입자 수: 0 | 데이터: {"time":"2025-04-30 13:26","count":0}
2025-04-30 22:26:48.664 [scheduling-1] INFO  c.n.f.i.r.s.i.EntryRealtimeServiceImpl - [INFO] 실시간 출입 데이터 | 시간: 2025-04-30 13:26 | 출입자 수: 0 | 데이터: {"time":"2025-04-30 13:26","count":0}
2025-04-30 22:27:18.682 [scheduling-1] INFO  c.n.f.i.r.s.i.EntryRealtimeServiceImpl - [INFO] 실시간 출입 데이터 | 시간: 2025-04-30 13:27 | 출입자 수: 0 | 데이터: {"time":"2025-04-30 13:27","count":0}
2025-04-30 22:27:48.676 [scheduling-1] INFO  c.n.f.i.r.s.i.EntryRealtimeServiceImpl - [INFO] 실시간 출입 데이터 | 시간: 2025-04-30 13:27 | 출입자 수: 0 | 데이터: {"time":"2025-04-30 13:27","count":0}
2025-04-30 22:28:02.760 [scheduling-1] INFO  c.n.f.i.r.s.i.EntryRealtimeServiceImpl - [INFO] 실시간 출입 데이터 | 시간: 2025-04-30 13:28 | 출입자 수: 0 | 데이터: {"time":"2025-04-30 13:28","count":0}
2025-04-30 22:28:31.988 [scheduling-1] INFO  c.n.f.i.r.s.i.EntryRealtimeServiceImpl - [INFO] 실시간 출입 데이터 | 시간: 2025-04-30 13:28 | 출입자 수: 0 | 데이터: {"time":"2025-04-30 13:28","count":0}
2025-04-30 22:29:02.246 [scheduling-1] INFO  c.n.f.i.r.s.i.EntryRealtimeServiceImpl - [INFO] 실시간 출입 데이터 | 시간: 2025-04-30 13:29 | 출입자 수: 0 | 데이터: {"time":"2025-04-30 13:29","count":0}
