2025-04-24 09:56:48.515 [http-nio-10253-exec-2] INFO  c.n.f.i.r.s.i.EntryRealtimeServiceImpl - [INFO] 실시간 출입 데이터 수신 | 시간: 2025-04-23 08:02 | 출입자 수: 1
2025-04-24 09:57:09.051 [http-nio-10253-exec-2] INFO  c.n.f.i.r.s.i.EntryRealtimeServiceImpl - [INFO] 실시간 출입 데이터 수신 | 시간: 2025-04-23 08:02 | 출입자 수: 1
2025-04-24 09:58:19.166 [http-nio-10253-exec-10] INFO  c.n.f.i.r.s.i.EntryRealtimeServiceImpl - [INFO] 실시간 출입 데이터 수신 | 시간: 2025-04-23 08:02 | 출입자 수: 1
2025-04-24 10:01:22.753 [http-nio-10253-exec-3] INFO  c.n.f.i.r.s.i.EntryRealtimeServiceImpl - [INFO] 실시간 출입 데이터 수신 | 시간: 2025-04-23 08:02 | 출입자 수: 1
2025-04-24 10:01:59.534 [http-nio-10253-exec-6] INFO  c.n.f.i.r.s.i.EntryRealtimeServiceImpl - [INFO] 실시간 출입 데이터 수신 | 시간: 2025-04-23 08:02 | 출입자 수: 1
2025-04-24 10:04:43.018 [http-nio-10253-exec-1] INFO  c.n.f.i.r.s.i.EntryRealtimeServiceImpl - [INFO] 실시간 출입 데이터 수신 | 시간: 2025-04-23 08:02 | 출입자 수: 1
2025-04-24 10:05:23.807 [http-nio-10253-exec-4] INFO  c.n.f.i.r.s.i.EntryRealtimeServiceImpl - [INFO] 실시간 출입 데이터 수신 | 시간: 2025-04-23 08:02 | 출입자 수: 1
2025-04-24 10:05:30.208 [http-nio-10253-exec-1] INFO  c.n.f.i.r.s.i.EntryRealtimeServiceImpl - [INFO] 실시간 출입 데이터 수신 | 시간: 2025-04-23 08:02 | 출입자 수: 1
2025-04-24 10:05:33.379 [http-nio-10253-exec-4] INFO  c.n.f.i.r.s.i.EntryRealtimeServiceImpl - [INFO] 실시간 출입 데이터 수신 | 시간: 2025-04-23 08:02 | 출입자 수: 1
2025-04-24 10:06:08.746 [http-nio-10253-exec-2] INFO  c.n.f.i.r.s.i.EntryRealtimeServiceImpl - [INFO] 실시간 출입 데이터 수신 | 시간: 2025-04-23 08:02 | 출입자 수: 1
2025-04-24 10:08:42.600 [http-nio-10253-exec-7] INFO  c.n.f.i.r.s.i.EntryRealtimeServiceImpl - [INFO] 실시간 출입 데이터 수신 | 시간: 2025-04-23 08:02 | 출입자 수: 1
2025-04-24 10:08:43.337 [http-nio-10253-exec-9] INFO  c.n.f.i.r.s.i.EntryRealtimeServiceImpl - [INFO] 실시간 출입 데이터 수신 | 시간: 2025-04-23 08:02 | 출입자 수: 1
2025-04-24 13:33:22.279 [http-nio-10253-exec-2] INFO  c.n.f.i.r.s.i.EntryRealtimeServiceImpl - [INFO] 실시간 출입 데이터 수신 | 시간: 2025-04-24 04:33 | 출입자 수: 1
2025-04-24 13:33:36.150 [http-nio-10253-exec-8] INFO  c.n.f.i.r.s.i.EntryRealtimeServiceImpl - [INFO] 실시간 출입 데이터 수신 | 시간: 2025-04-24 04:33 | 출입자 수: 1
2025-04-24 13:34:36.052 [http-nio-10253-exec-2] INFO  c.n.f.i.r.s.i.EntryRealtimeServiceImpl - [INFO] 실시간 출입 데이터 수신 | 시간: 2025-04-24 04:34 | 출입자 수: 1
2025-04-24 13:35:36.158 [http-nio-10253-exec-4] INFO  c.n.f.i.r.s.i.EntryRealtimeServiceImpl - [INFO] 실시간 출입 데이터 수신 | 시간: 2025-04-24 04:35 | 출입자 수: 1
2025-04-24 13:36:36.676 [http-nio-10253-exec-1] INFO  c.n.f.i.r.s.i.EntryRealtimeServiceImpl - [INFO] 실시간 출입 데이터 수신 | 시간: 2025-04-24 04:36 | 출입자 수: 1
2025-04-24 13:37:36.683 [http-nio-10253-exec-6] INFO  c.n.f.i.r.s.i.EntryRealtimeServiceImpl - [INFO] 실시간 출입 데이터 수신 | 시간: 2025-04-24 04:36 | 출입자 수: 1
2025-04-24 13:40:41.010 [http-nio-10253-exec-4] INFO  c.n.f.i.r.s.i.EntryRealtimeServiceImpl - [INFO] 실시간 출입 데이터 수신 | 시간: 2025-04-24 13:36 | 출입자 수: 1
2025-04-24 13:41:20.954 [http-nio-10253-exec-4] INFO  c.n.f.i.r.s.i.EntryRealtimeServiceImpl - [INFO] 실시간 출입 데이터 수신 | 시간: 2025-04-24 04:41 | 출입자 수: 1
2025-04-24 13:42:20.302 [http-nio-10253-exec-1] INFO  c.n.f.i.r.s.i.EntryRealtimeServiceImpl - [INFO] 실시간 출입 데이터 수신 | 시간: 2025-04-24 04:42 | 출입자 수: 1
2025-04-24 13:43:20.439 [http-nio-10253-exec-8] INFO  c.n.f.i.r.s.i.EntryRealtimeServiceImpl - [INFO] 실시간 출입 데이터 수신 | 시간: 2025-04-24 04:43 | 출입자 수: 1
2025-04-24 13:44:03.592 [http-nio-10253-exec-4] INFO  c.n.f.i.r.s.i.EntryRealtimeServiceImpl - [INFO] 실시간 출입 데이터 수신 | 시간: 2025-04-24 04:44 | 출입자 수: 0
2025-04-24 13:45:02.967 [http-nio-10253-exec-8] INFO  c.n.f.i.r.s.i.EntryRealtimeServiceImpl - [INFO] 실시간 출입 데이터 수신 | 시간: 2025-04-24 04:45 | 출입자 수: 0
2025-04-24 13:46:02.965 [http-nio-10253-exec-9] INFO  c.n.f.i.r.s.i.EntryRealtimeServiceImpl - [INFO] 실시간 출입 데이터 수신 | 시간: 2025-04-24 04:46 | 출입자 수: 0
2025-04-24 13:47:02.966 [http-nio-10253-exec-1] INFO  c.n.f.i.r.s.i.EntryRealtimeServiceImpl - [INFO] 실시간 출입 데이터 수신 | 시간: 2025-04-24 04:47 | 출입자 수: 0
2025-04-24 13:48:02.965 [http-nio-10253-exec-3] INFO  c.n.f.i.r.s.i.EntryRealtimeServiceImpl - [INFO] 실시간 출입 데이터 수신 | 시간: 2025-04-24 04:48 | 출입자 수: 0
2025-04-24 13:49:02.966 [http-nio-10253-exec-2] INFO  c.n.f.i.r.s.i.EntryRealtimeServiceImpl - [INFO] 실시간 출입 데이터 수신 | 시간: 2025-04-24 04:49 | 출입자 수: 0
2025-04-24 13:50:03.400 [http-nio-10253-exec-4] INFO  c.n.f.i.r.s.i.EntryRealtimeServiceImpl - [INFO] 실시간 출입 데이터 수신 | 시간: 2025-04-24 04:50 | 출입자 수: 0
2025-04-24 13:51:02.985 [http-nio-10253-exec-5] INFO  c.n.f.i.r.s.i.EntryRealtimeServiceImpl - [INFO] 실시간 출입 데이터 수신 | 시간: 2025-04-24 04:51 | 출입자 수: 0
2025-04-24 13:52:02.983 [http-nio-10253-exec-6] INFO  c.n.f.i.r.s.i.EntryRealtimeServiceImpl - [INFO] 실시간 출입 데이터 수신 | 시간: 2025-04-24 04:52 | 출입자 수: 0
2025-04-24 13:53:02.985 [http-nio-10253-exec-7] INFO  c.n.f.i.r.s.i.EntryRealtimeServiceImpl - [INFO] 실시간 출입 데이터 수신 | 시간: 2025-04-24 04:53 | 출입자 수: 0
2025-04-24 13:54:03.127 [http-nio-10253-exec-10] INFO  c.n.f.i.r.s.i.EntryRealtimeServiceImpl - [INFO] 실시간 출입 데이터 수신 | 시간: 2025-04-24 04:54 | 출입자 수: 0
2025-04-24 13:54:34.795 [http-nio-10253-exec-1] INFO  c.n.f.i.r.s.i.EntryRealtimeServiceImpl - [INFO] 실시간 출입 데이터 수신 | 시간: 2025-04-24 04:54 | 출입자 수: 0
2025-04-24 13:54:44.961 [http-nio-10253-exec-9] INFO  c.n.f.i.r.s.i.EntryRealtimeServiceImpl - [INFO] 실시간 출입 데이터 수신 | 시간: 2025-04-24 04:54 | 출입자 수: 0
2025-04-24 13:55:44.952 [http-nio-10253-exec-3] INFO  c.n.f.i.r.s.i.EntryRealtimeServiceImpl - [INFO] 실시간 출입 데이터 수신 | 시간: 2025-04-24 04:55 | 출입자 수: 2
2025-04-24 13:56:45.026 [http-nio-10253-exec-5] INFO  c.n.f.i.r.s.i.EntryRealtimeServiceImpl - [INFO] 실시간 출입 데이터 수신 | 시간: 2025-04-24 04:56 | 출입자 수: 1
2025-04-24 13:57:44.952 [http-nio-10253-exec-4] INFO  c.n.f.i.r.s.i.EntryRealtimeServiceImpl - [INFO] 실시간 출입 데이터 수신 | 시간: 2025-04-24 04:57 | 출입자 수: 1
2025-04-24 13:58:45.683 [http-nio-10253-exec-7] INFO  c.n.f.i.r.s.i.EntryRealtimeServiceImpl - [INFO] 실시간 출입 데이터 수신 | 시간: 2025-04-24 04:58 | 출입자 수: 1
2025-04-24 14:00:09.992 [http-nio-10253-exec-9] INFO  c.n.f.i.r.s.i.EntryRealtimeServiceImpl - [INFO] 실시간 출입 데이터 수신 | 시간: 2025-04-24 05:00 | 출입자 수: 0
2025-04-24 14:00:44.956 [http-nio-10253-exec-3] INFO  c.n.f.i.r.s.i.EntryRealtimeServiceImpl - [INFO] 실시간 출입 데이터 수신 | 시간: 2025-04-24 05:00 | 출입자 수: 1
2025-04-24 14:01:44.964 [http-nio-10253-exec-6] INFO  c.n.f.i.r.s.i.EntryRealtimeServiceImpl - [INFO] 실시간 출입 데이터 수신 | 시간: 2025-04-24 05:01 | 출입자 수: 1
2025-04-24 14:02:05.154 [http-nio-10253-exec-4] INFO  c.n.f.i.r.s.i.EntryRealtimeServiceImpl - [INFO] 실시간 출입 데이터 수신 | 시간: 2025-04-24 05:02 | 출입자 수: 0
2025-04-24 14:02:19.689 [http-nio-10253-exec-10] INFO  c.n.f.i.r.s.i.EntryRealtimeServiceImpl - [INFO] 실시간 출입 데이터 수신 | 시간: 2025-04-24 05:02 | 출입자 수: 1
2025-04-24 14:02:33.198 [http-nio-10253-exec-4] INFO  c.n.f.i.r.s.i.EntryRealtimeServiceImpl - [INFO] 실시간 출입 데이터 수신 | 시간: 2025-04-24 05:02 | 출입자 수: 1
2025-04-24 14:03:33.205 [http-nio-10253-exec-7] INFO  c.n.f.i.r.s.i.EntryRealtimeServiceImpl - [INFO] 실시간 출입 데이터 수신 | 시간: 2025-04-24 05:03 | 출입자 수: 1
2025-04-24 14:04:33.212 [http-nio-10253-exec-1] INFO  c.n.f.i.r.s.i.EntryRealtimeServiceImpl - [INFO] 실시간 출입 데이터 수신 | 시간: 2025-04-24 05:04 | 출입자 수: 0
2025-04-24 14:05:33.219 [http-nio-10253-exec-2] INFO  c.n.f.i.r.s.i.EntryRealtimeServiceImpl - [INFO] 실시간 출입 데이터 수신 | 시간: 2025-04-24 05:05 | 출입자 수: 1
2025-04-24 14:06:33.181 [http-nio-10253-exec-5] INFO  c.n.f.i.r.s.i.EntryRealtimeServiceImpl - [INFO] 실시간 출입 데이터 수신 | 시간: 2025-04-24 05:06 | 출입자 수: 1
2025-04-24 14:07:33.188 [http-nio-10253-exec-8] INFO  c.n.f.i.r.s.i.EntryRealtimeServiceImpl - [INFO] 실시간 출입 데이터 수신 | 시간: 2025-04-24 05:07 | 출입자 수: 0
2025-04-24 14:08:33.180 [http-nio-10253-exec-6] INFO  c.n.f.i.r.s.i.EntryRealtimeServiceImpl - [INFO] 실시간 출입 데이터 수신 | 시간: 2025-04-24 05:08 | 출입자 수: 2
2025-04-24 14:09:33.353 [http-nio-10253-exec-4] INFO  c.n.f.i.r.s.i.EntryRealtimeServiceImpl - [INFO] 실시간 출입 데이터 수신 | 시간: 2025-04-24 05:09 | 출입자 수: 0
2025-04-24 14:10:33.656 [http-nio-10253-exec-7] INFO  c.n.f.i.r.s.i.EntryRealtimeServiceImpl - [INFO] 실시간 출입 데이터 수신 | 시간: 2025-04-24 05:10 | 출입자 수: 0
2025-04-24 14:11:33.202 [http-nio-10253-exec-3] INFO  c.n.f.i.r.s.i.EntryRealtimeServiceImpl - [INFO] 실시간 출입 데이터 수신 | 시간: 2025-04-24 05:11 | 출입자 수: 1
2025-04-24 14:12:33.251 [http-nio-10253-exec-9] INFO  c.n.f.i.r.s.i.EntryRealtimeServiceImpl - [INFO] 실시간 출입 데이터 수신 | 시간: 2025-04-24 05:12 | 출입자 수: 1
2025-04-24 14:53:51.368 [http-nio-10253-exec-9] INFO  c.n.f.i.r.s.i.EntryRealtimeServiceImpl - [INFO] 실시간 출입 데이터 수신 | 시간: 2025-04-24 05:53 | 출입자 수: 1
2025-04-24 14:54:52.039 [http-nio-10253-exec-8] INFO  c.n.f.i.r.s.i.EntryRealtimeServiceImpl - [INFO] 실시간 출입 데이터 수신 | 시간: 2025-04-24 05:54 | 출입자 수: 1
2025-04-24 14:55:52.044 [http-nio-10253-exec-3] INFO  c.n.f.i.r.s.i.EntryRealtimeServiceImpl - [INFO] 실시간 출입 데이터 수신 | 시간: 2025-04-24 05:55 | 출입자 수: 1
2025-04-24 14:56:52.127 [http-nio-10253-exec-5] INFO  c.n.f.i.r.s.i.EntryRealtimeServiceImpl - [INFO] 실시간 출입 데이터 수신 | 시간: 2025-04-24 05:56 | 출입자 수: 0
2025-04-24 14:57:52.134 [http-nio-10253-exec-4] INFO  c.n.f.i.r.s.i.EntryRealtimeServiceImpl - [INFO] 실시간 출입 데이터 수신 | 시간: 2025-04-24 05:57 | 출입자 수: 0
2025-04-24 14:58:55.036 [http-nio-10253-exec-9] INFO  c.n.f.i.r.s.i.EntryRealtimeServiceImpl - [INFO] 실시간 출입 데이터 수신 | 시간: 2025-04-24 05:58 | 출입자 수: 1
2025-04-24 14:59:55.119 [http-nio-10253-exec-6] INFO  c.n.f.i.r.s.i.EntryRealtimeServiceImpl - [INFO] 실시간 출입 데이터 수신 | 시간: 2025-04-24 05:59 | 출입자 수: 0
2025-04-24 15:00:55.451 [http-nio-10253-exec-2] INFO  c.n.f.i.r.s.i.EntryRealtimeServiceImpl - [INFO] 실시간 출입 데이터 수신 | 시간: 2025-04-24 06:00 | 출입자 수: 0
2025-04-24 15:01:55.133 [http-nio-10253-exec-1] INFO  c.n.f.i.r.s.i.EntryRealtimeServiceImpl - [INFO] 실시간 출입 데이터 수신 | 시간: 2025-04-24 06:01 | 출입자 수: 0
2025-04-24 15:02:55.142 [http-nio-10253-exec-8] INFO  c.n.f.i.r.s.i.EntryRealtimeServiceImpl - [INFO] 실시간 출입 데이터 수신 | 시간: 2025-04-24 06:02 | 출입자 수: 1
2025-04-24 15:03:55.047 [http-nio-10253-exec-3] INFO  c.n.f.i.r.s.i.EntryRealtimeServiceImpl - [INFO] 실시간 출입 데이터 수신 | 시간: 2025-04-24 06:03 | 출입자 수: 1
2025-04-24 15:04:55.071 [http-nio-10253-exec-5] INFO  c.n.f.i.r.s.i.EntryRealtimeServiceImpl - [INFO] 실시간 출입 데이터 수신 | 시간: 2025-04-24 06:04 | 출입자 수: 1
2025-04-24 15:05:55.036 [http-nio-10253-exec-4] INFO  c.n.f.i.r.s.i.EntryRealtimeServiceImpl - [INFO] 실시간 출입 데이터 수신 | 시간: 2025-04-24 06:05 | 출입자 수: 0
2025-04-24 15:06:55.037 [http-nio-10253-exec-10] INFO  c.n.f.i.r.s.i.EntryRealtimeServiceImpl - [INFO] 실시간 출입 데이터 수신 | 시간: 2025-04-24 06:06 | 출입자 수: 0
2025-04-24 15:07:55.076 [http-nio-10253-exec-9] INFO  c.n.f.i.r.s.i.EntryRealtimeServiceImpl - [INFO] 실시간 출입 데이터 수신 | 시간: 2025-04-24 06:07 | 출입자 수: 0
2025-04-24 15:08:55.094 [http-nio-10253-exec-6] INFO  c.n.f.i.r.s.i.EntryRealtimeServiceImpl - [INFO] 실시간 출입 데이터 수신 | 시간: 2025-04-24 06:08 | 출입자 수: 0
2025-04-24 15:09:55.099 [http-nio-10253-exec-2] INFO  c.n.f.i.r.s.i.EntryRealtimeServiceImpl - [INFO] 실시간 출입 데이터 수신 | 시간: 2025-04-24 06:09 | 출입자 수: 1
2025-04-24 15:10:52.440 [http-nio-10253-exec-1] INFO  c.n.f.i.r.s.i.EntryRealtimeServiceImpl - [INFO] 실시간 출입 데이터 수신 | 시간: 2025-04-24 06:10 | 출입자 수: 0
2025-04-24 15:11:55.058 [http-nio-10253-exec-8] INFO  c.n.f.i.r.s.i.EntryRealtimeServiceImpl - [INFO] 실시간 출입 데이터 수신 | 시간: 2025-04-24 06:11 | 출입자 수: 2
2025-04-24 15:12:55.066 [http-nio-10253-exec-3] INFO  c.n.f.i.r.s.i.EntryRealtimeServiceImpl - [INFO] 실시간 출입 데이터 수신 | 시간: 2025-04-24 06:12 | 출입자 수: 1
2025-04-24 15:13:55.057 [http-nio-10253-exec-5] INFO  c.n.f.i.r.s.i.EntryRealtimeServiceImpl - [INFO] 실시간 출입 데이터 수신 | 시간: 2025-04-24 06:13 | 출입자 수: 1
2025-04-24 15:14:55.058 [http-nio-10253-exec-4] INFO  c.n.f.i.r.s.i.EntryRealtimeServiceImpl - [INFO] 실시간 출입 데이터 수신 | 시간: 2025-04-24 06:14 | 출입자 수: 1
2025-04-24 15:15:55.138 [http-nio-10253-exec-10] INFO  c.n.f.i.r.s.i.EntryRealtimeServiceImpl - [INFO] 실시간 출입 데이터 수신 | 시간: 2025-04-24 06:15 | 출입자 수: 1
2025-04-24 15:16:55.769 [http-nio-10253-exec-9] INFO  c.n.f.i.r.s.i.EntryRealtimeServiceImpl - [INFO] 실시간 출입 데이터 수신 | 시간: 2025-04-24 06:16 | 출입자 수: 1
2025-04-24 15:17:52.768 [http-nio-10253-exec-6] INFO  c.n.f.i.r.s.i.EntryRealtimeServiceImpl - [INFO] 실시간 출입 데이터 수신 | 시간: 2025-04-24 06:17 | 출입자 수: 2
2025-04-24 15:18:55.767 [http-nio-10253-exec-1] INFO  c.n.f.i.r.s.i.EntryRealtimeServiceImpl - [INFO] 실시간 출입 데이터 수신 | 시간: 2025-04-24 06:18 | 출입자 수: 1
2025-04-24 15:19:55.767 [http-nio-10253-exec-7] INFO  c.n.f.i.r.s.i.EntryRealtimeServiceImpl - [INFO] 실시간 출입 데이터 수신 | 시간: 2025-04-24 06:19 | 출입자 수: 2
2025-04-24 15:20:56.293 [http-nio-10253-exec-8] INFO  c.n.f.i.r.s.i.EntryRealtimeServiceImpl - [INFO] 실시간 출입 데이터 수신 | 시간: 2025-04-24 06:20 | 출입자 수: 1
2025-04-24 15:21:52.097 [http-nio-10253-exec-3] INFO  c.n.f.i.r.s.i.EntryRealtimeServiceImpl - [INFO] 실시간 출입 데이터 수신 | 시간: 2025-04-24 06:21 | 출입자 수: 0
2025-04-24 15:22:52.093 [http-nio-10253-exec-5] INFO  c.n.f.i.r.s.i.EntryRealtimeServiceImpl - [INFO] 실시간 출입 데이터 수신 | 시간: 2025-04-24 06:22 | 출입자 수: 2
2025-04-24 15:23:52.089 [http-nio-10253-exec-9] INFO  c.n.f.i.r.s.i.EntryRealtimeServiceImpl - [INFO] 실시간 출입 데이터 수신 | 시간: 2025-04-24 06:23 | 출입자 수: 1
2025-04-24 15:24:52.759 [http-nio-10253-exec-2] INFO  c.n.f.i.r.s.i.EntryRealtimeServiceImpl - [INFO] 실시간 출입 데이터 수신 | 시간: 2025-04-24 06:24 | 출입자 수: 1
2025-04-24 15:25:55.760 [http-nio-10253-exec-7] INFO  c.n.f.i.r.s.i.EntryRealtimeServiceImpl - [INFO] 실시간 출입 데이터 수신 | 시간: 2025-04-24 06:25 | 출입자 수: 1
2025-04-24 15:26:55.762 [http-nio-10253-exec-8] INFO  c.n.f.i.r.s.i.EntryRealtimeServiceImpl - [INFO] 실시간 출입 데이터 수신 | 시간: 2025-04-24 06:26 | 출입자 수: 1
2025-04-24 15:27:55.760 [http-nio-10253-exec-3] INFO  c.n.f.i.r.s.i.EntryRealtimeServiceImpl - [INFO] 실시간 출입 데이터 수신 | 시간: 2025-04-24 06:27 | 출입자 수: 1
2025-04-24 15:28:55.777 [http-nio-10253-exec-5] INFO  c.n.f.i.r.s.i.EntryRealtimeServiceImpl - [INFO] 실시간 출입 데이터 수신 | 시간: 2025-04-24 06:28 | 출입자 수: 1
2025-04-24 15:29:55.762 [http-nio-10253-exec-4] INFO  c.n.f.i.r.s.i.EntryRealtimeServiceImpl - [INFO] 실시간 출입 데이터 수신 | 시간: 2025-04-24 06:29 | 출입자 수: 1
2025-04-24 15:30:53.120 [http-nio-10253-exec-10] INFO  c.n.f.i.r.s.i.EntryRealtimeServiceImpl - [INFO] 실시간 출입 데이터 수신 | 시간: 2025-04-24 06:30 | 출입자 수: 1
2025-04-24 15:31:55.760 [http-nio-10253-exec-6] INFO  c.n.f.i.r.s.i.EntryRealtimeServiceImpl - [INFO] 실시간 출입 데이터 수신 | 시간: 2025-04-24 06:31 | 출입자 수: 1
2025-04-24 15:32:55.759 [http-nio-10253-exec-1] INFO  c.n.f.i.r.s.i.EntryRealtimeServiceImpl - [INFO] 실시간 출입 데이터 수신 | 시간: 2025-04-24 06:32 | 출입자 수: 1
2025-04-24 15:33:52.760 [http-nio-10253-exec-7] INFO  c.n.f.i.r.s.i.EntryRealtimeServiceImpl - [INFO] 실시간 출입 데이터 수신 | 시간: 2025-04-24 06:33 | 출입자 수: 1
2025-04-24 15:34:55.762 [http-nio-10253-exec-3] INFO  c.n.f.i.r.s.i.EntryRealtimeServiceImpl - [INFO] 실시간 출입 데이터 수신 | 시간: 2025-04-24 06:34 | 출입자 수: 1
2025-04-24 15:35:55.755 [http-nio-10253-exec-5] INFO  c.n.f.i.r.s.i.EntryRealtimeServiceImpl - [INFO] 실시간 출입 데이터 수신 | 시간: 2025-04-24 06:35 | 출입자 수: 1
2025-04-24 15:43:56.536 [http-nio-10253-exec-1] INFO  c.n.f.i.r.s.i.EntryRealtimeServiceImpl - [INFO] 실시간 출입 데이터 수신 | 시간: 2025-04-24 06:43 | 출입자 수: 1
2025-04-24 15:46:14.808 [http-nio-10253-exec-3] INFO  c.n.f.i.r.s.i.EntryRealtimeServiceImpl - [INFO] 실시간 출입 데이터 수신 | 시간: 2025-04-24 06:46 | 출입자 수: 0
2025-04-29 10:53:10.400 [http-nio-10253-exec-1] INFO  c.n.f.i.r.s.i.EntryRealtimeServiceImpl - tables size: 1
2025-04-29 10:53:10.965 [http-nio-10253-exec-7] INFO  c.n.f.i.r.s.i.EntryRealtimeServiceImpl - tables size: 1
2025-04-29 10:54:10.963 [http-nio-10253-exec-6] INFO  c.n.f.i.r.s.i.EntryRealtimeServiceImpl - tables size: 1
2025-04-29 10:55:10.958 [http-nio-10253-exec-8] INFO  c.n.f.i.r.s.i.EntryRealtimeServiceImpl - tables size: 1
2025-04-29 10:56:10.954 [http-nio-10253-exec-9] INFO  c.n.f.i.r.s.i.EntryRealtimeServiceImpl - tables size: 1
2025-04-29 10:57:10.958 [http-nio-10253-exec-10] INFO  c.n.f.i.r.s.i.EntryRealtimeServiceImpl - tables size: 1
2025-04-29 10:58:10.961 [http-nio-10253-exec-5] INFO  c.n.f.i.r.s.i.EntryRealtimeServiceImpl - tables size: 1
2025-04-29 10:59:11.059 [http-nio-10253-exec-4] INFO  c.n.f.i.r.s.i.EntryRealtimeServiceImpl - tables size: 1
2025-04-29 11:00:11.362 [http-nio-10253-exec-3] INFO  c.n.f.i.r.s.i.EntryRealtimeServiceImpl - tables size: 1
2025-04-29 11:01:10.966 [http-nio-10253-exec-2] INFO  c.n.f.i.r.s.i.EntryRealtimeServiceImpl - tables size: 1
2025-04-29 11:02:10.954 [http-nio-10253-exec-7] INFO  c.n.f.i.r.s.i.EntryRealtimeServiceImpl - tables size: 1
2025-04-29 11:03:10.958 [http-nio-10253-exec-6] INFO  c.n.f.i.r.s.i.EntryRealtimeServiceImpl - tables size: 1
2025-04-29 11:04:10.956 [http-nio-10253-exec-1] INFO  c.n.f.i.r.s.i.EntryRealtimeServiceImpl - tables size: 1
2025-04-29 11:05:10.953 [http-nio-10253-exec-8] INFO  c.n.f.i.r.s.i.EntryRealtimeServiceImpl - tables size: 1
2025-04-29 11:06:10.955 [http-nio-10253-exec-9] INFO  c.n.f.i.r.s.i.EntryRealtimeServiceImpl - tables size: 1
2025-04-29 11:07:10.959 [http-nio-10253-exec-10] INFO  c.n.f.i.r.s.i.EntryRealtimeServiceImpl - tables size: 1
2025-04-29 11:08:10.964 [http-nio-10253-exec-5] INFO  c.n.f.i.r.s.i.EntryRealtimeServiceImpl - tables size: 1
2025-04-29 11:09:10.966 [http-nio-10253-exec-4] INFO  c.n.f.i.r.s.i.EntryRealtimeServiceImpl - tables size: 1
2025-04-29 11:10:11.340 [http-nio-10253-exec-3] INFO  c.n.f.i.r.s.i.EntryRealtimeServiceImpl - tables size: 1
2025-04-29 11:11:10.976 [http-nio-10253-exec-2] INFO  c.n.f.i.r.s.i.EntryRealtimeServiceImpl - tables size: 1
2025-04-29 11:12:10.965 [http-nio-10253-exec-7] INFO  c.n.f.i.r.s.i.EntryRealtimeServiceImpl - tables size: 1
2025-04-29 11:13:10.973 [http-nio-10253-exec-6] INFO  c.n.f.i.r.s.i.EntryRealtimeServiceImpl - tables size: 1
2025-04-29 11:14:10.968 [http-nio-10253-exec-1] INFO  c.n.f.i.r.s.i.EntryRealtimeServiceImpl - tables size: 1
2025-04-29 11:15:10.969 [http-nio-10253-exec-8] INFO  c.n.f.i.r.s.i.EntryRealtimeServiceImpl - tables size: 1
2025-04-29 11:16:10.976 [http-nio-10253-exec-9] INFO  c.n.f.i.r.s.i.EntryRealtimeServiceImpl - tables size: 1
2025-04-29 11:17:10.972 [http-nio-10253-exec-10] INFO  c.n.f.i.r.s.i.EntryRealtimeServiceImpl - tables size: 1
2025-04-29 11:18:10.973 [http-nio-10253-exec-5] INFO  c.n.f.i.r.s.i.EntryRealtimeServiceImpl - tables size: 1
2025-04-29 11:19:10.967 [http-nio-10253-exec-4] INFO  c.n.f.i.r.s.i.EntryRealtimeServiceImpl - tables size: 1
2025-04-29 13:29:22.410 [http-nio-10253-exec-6] INFO  c.n.f.i.r.s.i.EntryRealtimeServiceImpl - tables size: 1
2025-04-29 13:29:46.246 [http-nio-10253-exec-2] INFO  c.n.f.i.r.s.i.EntryRealtimeServiceImpl - tables size: 1
2025-04-29 13:30:22.114 [http-nio-10253-exec-1] INFO  c.n.f.i.r.s.i.EntryRealtimeServiceImpl - tables size: 1
2025-04-29 13:30:46.270 [http-nio-10253-exec-7] INFO  c.n.f.i.r.s.i.EntryRealtimeServiceImpl - tables size: 1
2025-04-29 13:31:21.748 [http-nio-10253-exec-10] INFO  c.n.f.i.r.s.i.EntryRealtimeServiceImpl - tables size: 1
2025-04-29 13:31:46.257 [http-nio-10253-exec-5] INFO  c.n.f.i.r.s.i.EntryRealtimeServiceImpl - tables size: 1
2025-04-29 14:22:39.772 [http-nio-10253-exec-7] INFO  c.n.f.i.r.s.i.EntryRealtimeServiceImpl - table 진입
2025-04-29 14:22:39.772 [http-nio-10253-exec-7] INFO  c.n.f.i.r.s.i.EntryRealtimeServiceImpl - record 진입
2025-04-29 14:28:31.524 [http-nio-10253-exec-7] INFO  c.n.f.i.r.s.i.EntryRealtimeServiceImpl - [INFO] 실시간 출입 데이터 수신 | 시간: 2025-04-29 05:28 | 출입자 수: 1 | 데이터: {"time":"2025-04-29 05:28","count":1}
2025-04-29 14:29:31.306 [http-nio-10253-exec-9] INFO  c.n.f.i.r.s.i.EntryRealtimeServiceImpl - [INFO] 실시간 출입 데이터 수신 | 시간: 2025-04-29 05:29 | 출입자 수: 1 | 데이터: {"time":"2025-04-29 05:29","count":1}
2025-04-29 14:30:31.581 [http-nio-10253-exec-1] INFO  c.n.f.i.r.s.i.EntryRealtimeServiceImpl - [INFO] 실시간 출입 데이터 수신 | 시간: 2025-04-29 05:30 | 출입자 수: 1 | 데이터: {"time":"2025-04-29 05:30","count":1}
2025-04-29 14:30:33.380 [http-nio-10253-exec-7] INFO  c.n.f.i.r.s.i.EntryRealtimeServiceImpl - [INFO] 실시간 출입 데이터 수신 | 시간: 2025-04-29 05:30 | 출입자 수: 1 | 데이터: {"time":"2025-04-29 05:30","count":1}
2025-04-29 14:31:34.259 [http-nio-10253-exec-10] INFO  c.n.f.i.r.s.i.EntryRealtimeServiceImpl - [INFO] 실시간 출입 데이터 수신 | 시간: 2025-04-29 05:31 | 출입자 수: 1 | 데이터: {"time":"2025-04-29 05:31","count":1}
2025-04-29 14:32:34.282 [http-nio-10253-exec-4] INFO  c.n.f.i.r.s.i.EntryRealtimeServiceImpl - [INFO] 실시간 출입 데이터 수신 | 시간: 2025-04-29 05:32 | 출입자 수: 1 | 데이터: {"time":"2025-04-29 05:32","count":1}
2025-04-29 14:33:34.291 [http-nio-10253-exec-5] INFO  c.n.f.i.r.s.i.EntryRealtimeServiceImpl - [INFO] 실시간 출입 데이터 수신 | 시간: 2025-04-29 05:33 | 출입자 수: 1 | 데이터: {"time":"2025-04-29 05:33","count":1}
2025-04-29 14:34:34.275 [http-nio-10253-exec-3] INFO  c.n.f.i.r.s.i.EntryRealtimeServiceImpl - [INFO] 실시간 출입 데이터 수신 | 시간: 2025-04-29 05:34 | 출입자 수: 1 | 데이터: {"time":"2025-04-29 05:34","count":1}
2025-04-29 14:35:46.271 [http-nio-10253-exec-7] INFO  c.n.f.i.r.s.i.EntryRealtimeServiceImpl - [INFO] 실시간 출입 데이터 수신 | 시간: 2025-04-29 05:35 | 출입자 수: 1 | 데이터: {"time":"2025-04-29 05:35","count":1}
2025-04-29 14:36:46.260 [http-nio-10253-exec-8] INFO  c.n.f.i.r.s.i.EntryRealtimeServiceImpl - [INFO] 실시간 출입 데이터 수신 | 시간: 2025-04-29 05:36 | 출입자 수: 1 | 데이터: {"time":"2025-04-29 05:36","count":1}
2025-04-29 14:37:46.327 [http-nio-10253-exec-9] INFO  c.n.f.i.r.s.i.EntryRealtimeServiceImpl - [INFO] 실시간 출입 데이터 수신 | 시간: 2025-04-29 05:37 | 출입자 수: 1 | 데이터: {"time":"2025-04-29 05:37","count":1}
2025-04-29 14:38:46.254 [http-nio-10253-exec-6] INFO  c.n.f.i.r.s.i.EntryRealtimeServiceImpl - [INFO] 실시간 출입 데이터 수신 | 시간: 2025-04-29 05:38 | 출입자 수: 1 | 데이터: {"time":"2025-04-29 05:38","count":1}
2025-04-29 14:39:46.262 [http-nio-10253-exec-10] INFO  c.n.f.i.r.s.i.EntryRealtimeServiceImpl - [INFO] 실시간 출입 데이터 수신 | 시간: 2025-04-29 05:39 | 출입자 수: 1 | 데이터: {"time":"2025-04-29 05:39","count":1}
2025-04-29 14:40:46.570 [http-nio-10253-exec-4] INFO  c.n.f.i.r.s.i.EntryRealtimeServiceImpl - [INFO] 실시간 출입 데이터 수신 | 시간: 2025-04-29 05:40 | 출입자 수: 1 | 데이터: {"time":"2025-04-29 05:40","count":1}
2025-04-29 14:41:46.245 [http-nio-10253-exec-5] INFO  c.n.f.i.r.s.i.EntryRealtimeServiceImpl - [INFO] 실시간 출입 데이터 수신 | 시간: 2025-04-29 05:41 | 출입자 수: 1 | 데이터: {"time":"2025-04-29 05:41","count":1}
2025-04-29 14:49:07.125 [http-nio-10253-exec-5] INFO  c.n.f.i.r.s.i.EntryRealtimeServiceImpl - [INFO] 실시간 출입 데이터 수신 | 시간: 2025-04-29 05:49 | 출입자 수: 0 | 데이터: {"time":"2025-04-29 05:49","count":0}
2025-04-29 14:50:06.672 [http-nio-10253-exec-6] INFO  c.n.f.i.r.s.i.EntryRealtimeServiceImpl - [INFO] 실시간 출입 데이터 수신 | 시간: 2025-04-29 05:50 | 출입자 수: 0 | 데이터: {"time":"2025-04-29 05:50","count":0}
2025-04-29 14:51:06.303 [http-nio-10253-exec-8] INFO  c.n.f.i.r.s.i.EntryRealtimeServiceImpl - [INFO] 실시간 출입 데이터 수신 | 시간: 2025-04-29 05:51 | 출입자 수: 0 | 데이터: {"time":"2025-04-29 05:51","count":0}
2025-04-29 14:52:07.297 [http-nio-10253-exec-3] INFO  c.n.f.i.r.s.i.EntryRealtimeServiceImpl - [INFO] 실시간 출입 데이터 수신 | 시간: 2025-04-29 05:52 | 출입자 수: 0 | 데이터: {"time":"2025-04-29 05:52","count":0}
2025-04-29 14:53:07.280 [http-nio-10253-exec-4] INFO  c.n.f.i.r.s.i.EntryRealtimeServiceImpl - [INFO] 실시간 출입 데이터 수신 | 시간: 2025-04-29 05:53 | 출입자 수: 0 | 데이터: {"time":"2025-04-29 05:53","count":0}
2025-04-29 14:54:46.659 [http-nio-10253-exec-5] INFO  c.n.f.i.r.s.i.EntryRealtimeServiceImpl - [INFO] 실시간 출입 데이터 수신 | 시간: 2025-04-29 05:54 | 출입자 수: 1 | 데이터: {"time":"2025-04-29 05:54","count":1}
2025-04-29 14:55:35.695 [http-nio-10253-exec-6] INFO  c.n.f.i.r.s.i.EntryRealtimeServiceImpl - [INFO] 실시간 출입 데이터 수신 | 시간: 2025-04-29 05:55 | 출입자 수: 1 | 데이터: {"time":"2025-04-29 05:55","count":1}
2025-04-29 14:56:06.302 [http-nio-10253-exec-7] INFO  c.n.f.i.r.s.i.EntryRealtimeServiceImpl - [INFO] 실시간 출입 데이터 수신 | 시간: 2025-04-29 05:56 | 출입자 수: 0 | 데이터: {"time":"2025-04-29 05:56","count":0}
2025-04-29 14:57:06.308 [http-nio-10253-exec-10] INFO  c.n.f.i.r.s.i.EntryRealtimeServiceImpl - [INFO] 실시간 출입 데이터 수신 | 시간: 2025-04-29 05:57 | 출입자 수: 0 | 데이터: {"time":"2025-04-29 05:57","count":0}
2025-04-29 14:58:06.298 [http-nio-10253-exec-9] INFO  c.n.f.i.r.s.i.EntryRealtimeServiceImpl - [INFO] 실시간 출입 데이터 수신 | 시간: 2025-04-29 05:58 | 출입자 수: 0 | 데이터: {"time":"2025-04-29 05:58","count":0}
2025-04-29 14:59:06.305 [http-nio-10253-exec-8] INFO  c.n.f.i.r.s.i.EntryRealtimeServiceImpl - [INFO] 실시간 출입 데이터 수신 | 시간: 2025-04-29 05:59 | 출입자 수: 0 | 데이터: {"time":"2025-04-29 05:59","count":0}
2025-04-29 15:00:07.600 [http-nio-10253-exec-3] INFO  c.n.f.i.r.s.i.EntryRealtimeServiceImpl - [INFO] 실시간 출입 데이터 수신 | 시간: 2025-04-29 06:00 | 출입자 수: 0 | 데이터: {"time":"2025-04-29 06:00","count":0}
2025-04-29 15:01:06.298 [http-nio-10253-exec-4] INFO  c.n.f.i.r.s.i.EntryRealtimeServiceImpl - [INFO] 실시간 출입 데이터 수신 | 시간: 2025-04-29 06:01 | 출입자 수: 0 | 데이터: {"time":"2025-04-29 06:01","count":0}
2025-04-29 15:02:06.286 [http-nio-10253-exec-2] INFO  c.n.f.i.r.s.i.EntryRealtimeServiceImpl - [INFO] 실시간 출입 데이터 수신 | 시간: 2025-04-29 06:02 | 출입자 수: 0 | 데이터: {"time":"2025-04-29 06:02","count":0}
2025-04-29 15:03:06.291 [http-nio-10253-exec-5] INFO  c.n.f.i.r.s.i.EntryRealtimeServiceImpl - [INFO] 실시간 출입 데이터 수신 | 시간: 2025-04-29 06:03 | 출입자 수: 0 | 데이터: {"time":"2025-04-29 06:03","count":0}
2025-04-29 15:04:06.299 [http-nio-10253-exec-6] INFO  c.n.f.i.r.s.i.EntryRealtimeServiceImpl - [INFO] 실시간 출입 데이터 수신 | 시간: 2025-04-29 06:04 | 출입자 수: 0 | 데이터: {"time":"2025-04-29 06:04","count":0}
2025-04-29 15:05:07.261 [http-nio-10253-exec-10] INFO  c.n.f.i.r.s.i.EntryRealtimeServiceImpl - [INFO] 실시간 출입 데이터 수신 | 시간: 2025-04-29 06:05 | 출입자 수: 0 | 데이터: {"time":"2025-04-29 06:05","count":0}
2025-04-29 15:06:46.680 [http-nio-10253-exec-8] INFO  c.n.f.i.r.s.i.EntryRealtimeServiceImpl - [INFO] 실시간 출입 데이터 수신 | 시간: 2025-04-29 06:06 | 출입자 수: 1 | 데이터: {"time":"2025-04-29 06:06","count":1}
2025-04-29 15:07:46.294 [http-nio-10253-exec-3] INFO  c.n.f.i.r.s.i.EntryRealtimeServiceImpl - [INFO] 실시간 출입 데이터 수신 | 시간: 2025-04-29 06:07 | 출입자 수: 1 | 데이터: {"time":"2025-04-29 06:07","count":1}
2025-04-29 15:08:46.304 [http-nio-10253-exec-4] INFO  c.n.f.i.r.s.i.EntryRealtimeServiceImpl - [INFO] 실시간 출입 데이터 수신 | 시간: 2025-04-29 06:08 | 출입자 수: 1 | 데이터: {"time":"2025-04-29 06:08","count":1}
2025-04-29 15:09:46.292 [http-nio-10253-exec-2] INFO  c.n.f.i.r.s.i.EntryRealtimeServiceImpl - [INFO] 실시간 출입 데이터 수신 | 시간: 2025-04-29 06:09 | 출입자 수: 1 | 데이터: {"time":"2025-04-29 06:09","count":1}
2025-04-29 15:10:46.648 [http-nio-10253-exec-5] INFO  c.n.f.i.r.s.i.EntryRealtimeServiceImpl - [INFO] 실시간 출입 데이터 수신 | 시간: 2025-04-29 06:10 | 출입자 수: 1 | 데이터: {"time":"2025-04-29 06:10","count":1}
2025-04-29 15:11:46.288 [http-nio-10253-exec-6] INFO  c.n.f.i.r.s.i.EntryRealtimeServiceImpl - [INFO] 실시간 출입 데이터 수신 | 시간: 2025-04-29 06:11 | 출입자 수: 1 | 데이터: {"time":"2025-04-29 06:11","count":1}
2025-04-29 15:12:46.296 [http-nio-10253-exec-7] INFO  c.n.f.i.r.s.i.EntryRealtimeServiceImpl - [INFO] 실시간 출입 데이터 수신 | 시간: 2025-04-29 06:12 | 출입자 수: 1 | 데이터: {"time":"2025-04-29 06:12","count":1}
2025-04-29 21:01:12.154 [main] INFO  c.n.f.i.r.s.i.EntryRealtimeServiceImplTest - Starting EntryRealtimeServiceImplTest using Java 21.0.7 with PID 36430 (started by nhnacademy in /home/nhnacademy/Desktop/bootcamp/final/front-service)
2025-04-29 21:01:12.155 [main] INFO  c.n.f.i.r.s.i.EntryRealtimeServiceImplTest - The following 1 profile is active: "oauth"
2025-04-29 21:01:14.051 [main] INFO  c.n.f.i.r.s.i.EntryRealtimeServiceImplTest - Started EntryRealtimeServiceImplTest in 2.178 seconds (process running for 3.16)
2025-04-29 21:01:14.908 [main] INFO  c.n.f.i.r.s.i.EntryRealtimeServiceImpl - [INFO] 실시간 출입 데이터 | 시간: 2025-04-29 14:00 | 출입자 수: 5 | 데이터: {"time":"2025-04-29 14:00","count":5}
